Traceback (most recent call last):
  File "C:\Users\r.herron\Anaconda3\envs\fina-6333\lib\site-packages\jupyter_cache\executors\utils.py", line 51, in single_nb_execution
    executenb(
  File "C:\Users\r.herron\Anaconda3\envs\fina-6333\lib\site-packages\nbclient\client.py", line 1204, in execute
    return NotebookClient(nb=nb, resources=resources, km=km, **kwargs).execute()
  File "C:\Users\r.herron\Anaconda3\envs\fina-6333\lib\site-packages\nbclient\util.py", line 84, in wrapped
    return just_run(coro(*args, **kwargs))
  File "C:\Users\r.herron\Anaconda3\envs\fina-6333\lib\site-packages\nbclient\util.py", line 62, in just_run
    return loop.run_until_complete(coro)
  File "C:\Users\r.herron\Anaconda3\envs\fina-6333\lib\asyncio\base_events.py", line 647, in run_until_complete
    return future.result()
  File "C:\Users\r.herron\Anaconda3\envs\fina-6333\lib\site-packages\nbclient\client.py", line 663, in async_execute
    await self.async_execute_cell(
  File "C:\Users\r.herron\Anaconda3\envs\fina-6333\lib\site-packages\nbclient\client.py", line 965, in async_execute_cell
    await self._check_raise_for_error(cell, cell_index, exec_reply)
  File "C:\Users\r.herron\Anaconda3\envs\fina-6333\lib\site-packages\nbclient\client.py", line 862, in _check_raise_for_error
    raise CellExecutionError.from_cell_and_msg(cell, exec_reply_content)
nbclient.exceptions.CellExecutionError: An error occurred while executing the following cell:
------------------
_ = pd.MultiIndex.from_product([['Portfolio'], dj['Volatility']])
dj[_] = dj['Volatility'].apply(pd.qcut, q=5, labels=False, axis=1)
------------------

[1;31m---------------------------------------------------------------------------[0m
[1;31mIndexError[0m                                Traceback (most recent call last)
[1;32m~\AppData\Local\Temp\ipykernel_13068\1644291737.py[0m in [0;36m<module>[1;34m[0m
[0;32m      1[0m [0m_[0m [1;33m=[0m [0mpd[0m[1;33m.[0m[0mMultiIndex[0m[1;33m.[0m[0mfrom_product[0m[1;33m([0m[1;33m[[0m[1;33m[[0m[1;34m'Portfolio'[0m[1;33m][0m[1;33m,[0m [0mdj[0m[1;33m[[0m[1;34m'Volatility'[0m[1;33m][0m[1;33m][0m[1;33m)[0m[1;33m[0m[1;33m[0m[0m
[1;32m----> 2[1;33m [0mdj[0m[1;33m[[0m[0m_[0m[1;33m][0m [1;33m=[0m [0mdj[0m[1;33m[[0m[1;34m'Volatility'[0m[1;33m][0m[1;33m.[0m[0mapply[0m[1;33m([0m[0mpd[0m[1;33m.[0m[0mqcut[0m[1;33m,[0m [0mq[0m[1;33m=[0m[1;36m5[0m[1;33m,[0m [0mlabels[0m[1;33m=[0m[1;32mFalse[0m[1;33m,[0m [0maxis[0m[1;33m=[0m[1;36m1[0m[1;33m)[0m[1;33m[0m[1;33m[0m[0m
[0m
[1;32m~\Anaconda3\envs\fina-6333\lib\site-packages\pandas\core\frame.py[0m in [0;36mapply[1;34m(self, func, axis, raw, result_type, args, **kwargs)[0m
[0;32m   8846[0m             [0mkwargs[0m[1;33m=[0m[0mkwargs[0m[1;33m,[0m[1;33m[0m[1;33m[0m[0m
[0;32m   8847[0m         )
[1;32m-> 8848[1;33m         [1;32mreturn[0m [0mop[0m[1;33m.[0m[0mapply[0m[1;33m([0m[1;33m)[0m[1;33m.[0m[0m__finalize__[0m[1;33m([0m[0mself[0m[1;33m,[0m [0mmethod[0m[1;33m=[0m[1;34m"apply"[0m[1;33m)[0m[1;33m[0m[1;33m[0m[0m
[0m[0;32m   8849[0m [1;33m[0m[0m
[0;32m   8850[0m     def applymap(

[1;32m~\Anaconda3\envs\fina-6333\lib\site-packages\pandas\core\apply.py[0m in [0;36mapply[1;34m(self)[0m
[0;32m    731[0m             [1;32mreturn[0m [0mself[0m[1;33m.[0m[0mapply_raw[0m[1;33m([0m[1;33m)[0m[1;33m[0m[1;33m[0m[0m
[0;32m    732[0m [1;33m[0m[0m
[1;32m--> 733[1;33m         [1;32mreturn[0m [0mself[0m[1;33m.[0m[0mapply_standard[0m[1;33m([0m[1;33m)[0m[1;33m[0m[1;33m[0m[0m
[0m[0;32m    734[0m [1;33m[0m[0m
[0;32m    735[0m     [1;32mdef[0m [0magg[0m[1;33m([0m[0mself[0m[1;33m)[0m[1;33m:[0m[1;33m[0m[1;33m[0m[0m

[1;32m~\Anaconda3\envs\fina-6333\lib\site-packages\pandas\core\apply.py[0m in [0;36mapply_standard[1;34m(self)[0m
[0;32m    855[0m [1;33m[0m[0m
[0;32m    856[0m     [1;32mdef[0m [0mapply_standard[0m[1;33m([0m[0mself[0m[1;33m)[0m[1;33m:[0m[1;33m[0m[1;33m[0m[0m
[1;32m--> 857[1;33m         [0mresults[0m[1;33m,[0m [0mres_index[0m [1;33m=[0m [0mself[0m[1;33m.[0m[0mapply_series_generator[0m[1;33m([0m[1;33m)[0m[1;33m[0m[1;33m[0m[0m
[0m[0;32m    858[0m [1;33m[0m[0m
[0;32m    859[0m         [1;31m# wrap results[0m[1;33m[0m[1;33m[0m[0m

[1;32m~\Anaconda3\envs\fina-6333\lib\site-packages\pandas\core\apply.py[0m in [0;36mapply_series_generator[1;34m(self)[0m
[0;32m    871[0m             [1;32mfor[0m [0mi[0m[1;33m,[0m [0mv[0m [1;32min[0m [0menumerate[0m[1;33m([0m[0mseries_gen[0m[1;33m)[0m[1;33m:[0m[1;33m[0m[1;33m[0m[0m
[0;32m    872[0m                 [1;31m# ignore SettingWithCopy here in case the user mutates[0m[1;33m[0m[1;33m[0m[0m
[1;32m--> 873[1;33m                 [0mresults[0m[1;33m[[0m[0mi[0m[1;33m][0m [1;33m=[0m [0mself[0m[1;33m.[0m[0mf[0m[1;33m([0m[0mv[0m[1;33m)[0m[1;33m[0m[1;33m[0m[0m
[0m[0;32m    874[0m                 [1;32mif[0m [0misinstance[0m[1;33m([0m[0mresults[0m[1;33m[[0m[0mi[0m[1;33m][0m[1;33m,[0m [0mABCSeries[0m[1;33m)[0m[1;33m:[0m[1;33m[0m[1;33m[0m[0m
[0;32m    875[0m                     [1;31m# If we have a view on v, we need to make a copy because[0m[1;33m[0m[1;33m[0m[0m

[1;32m~\Anaconda3\envs\fina-6333\lib\site-packages\pandas\core\apply.py[0m in [0;36mf[1;34m(x)[0m
[0;32m    136[0m [1;33m[0m[0m
[0;32m    137[0m             [1;32mdef[0m [0mf[0m[1;33m([0m[0mx[0m[1;33m)[0m[1;33m:[0m[1;33m[0m[1;33m[0m[0m
[1;32m--> 138[1;33m                 [1;32mreturn[0m [0mfunc[0m[1;33m([0m[0mx[0m[1;33m,[0m [1;33m*[0m[0margs[0m[1;33m,[0m [1;33m**[0m[0mkwargs[0m[1;33m)[0m[1;33m[0m[1;33m[0m[0m
[0m[0;32m    139[0m [1;33m[0m[0m
[0;32m    140[0m         [1;32melse[0m[1;33m:[0m[1;33m[0m[1;33m[0m[0m

[1;32m~\Anaconda3\envs\fina-6333\lib\site-packages\pandas\core\reshape\tile.py[0m in [0;36mqcut[1;34m(x, q, labels, retbins, precision, duplicates)[0m
[0;32m    374[0m     [0mx_np[0m [1;33m=[0m [0mnp[0m[1;33m.[0m[0masarray[0m[1;33m([0m[0mx[0m[1;33m)[0m[1;33m[0m[1;33m[0m[0m
[0;32m    375[0m     [0mx_np[0m [1;33m=[0m [0mx_np[0m[1;33m[[0m[1;33m~[0m[0mnp[0m[1;33m.[0m[0misnan[0m[1;33m([0m[0mx_np[0m[1;33m)[0m[1;33m][0m[1;33m[0m[1;33m[0m[0m
[1;32m--> 376[1;33m     [0mbins[0m [1;33m=[0m [0mnp[0m[1;33m.[0m[0mquantile[0m[1;33m([0m[0mx_np[0m[1;33m,[0m [0mquantiles[0m[1;33m)[0m[1;33m[0m[1;33m[0m[0m
[0m[0;32m    377[0m [1;33m[0m[0m
[0;32m    378[0m     fac, bins = _bins_to_cuts(

[1;32m<__array_function__ internals>[0m in [0;36mquantile[1;34m(*args, **kwargs)[0m

[1;32m~\Anaconda3\envs\fina-6333\lib\site-packages\numpy\lib\function_base.py[0m in [0;36mquantile[1;34m(a, q, axis, out, overwrite_input, interpolation, keepdims)[0m
[0;32m   3977[0m     [1;32mif[0m [1;32mnot[0m [0m_quantile_is_valid[0m[1;33m([0m[0mq[0m[1;33m)[0m[1;33m:[0m[1;33m[0m[1;33m[0m[0m
[0;32m   3978[0m         [1;32mraise[0m [0mValueError[0m[1;33m([0m[1;34m"Quantiles must be in the range [0, 1]"[0m[1;33m)[0m[1;33m[0m[1;33m[0m[0m
[1;32m-> 3979[1;33m     return _quantile_unchecked(
[0m[0;32m   3980[0m         a, q, axis, out, overwrite_input, interpolation, keepdims)
[0;32m   3981[0m [1;33m[0m[0m

[1;32m~\Anaconda3\envs\fina-6333\lib\site-packages\numpy\lib\function_base.py[0m in [0;36m_quantile_unchecked[1;34m(a, q, axis, out, overwrite_input, interpolation, keepdims)[0m
[0;32m   3984[0m                         interpolation='linear', keepdims=False):
[0;32m   3985[0m     [1;34m"""Assumes that q is in [0, 1], and is an ndarray"""[0m[1;33m[0m[1;33m[0m[0m
[1;32m-> 3986[1;33m     r, k = _ureduce(a, func=_quantile_ureduce_func, q=q, axis=axis, out=out,
[0m[0;32m   3987[0m                     [0moverwrite_input[0m[1;33m=[0m[0moverwrite_input[0m[1;33m,[0m[1;33m[0m[1;33m[0m[0m
[0;32m   3988[0m                     interpolation=interpolation)

[1;32m~\Anaconda3\envs\fina-6333\lib\site-packages\numpy\lib\function_base.py[0m in [0;36m_ureduce[1;34m(a, func, **kwargs)[0m
[0;32m   3562[0m         [0mkeepdim[0m [1;33m=[0m [1;33m([0m[1;36m1[0m[1;33m,[0m[1;33m)[0m [1;33m*[0m [0ma[0m[1;33m.[0m[0mndim[0m[1;33m[0m[1;33m[0m[0m
[0;32m   3563[0m [1;33m[0m[0m
[1;32m-> 3564[1;33m     [0mr[0m [1;33m=[0m [0mfunc[0m[1;33m([0m[0ma[0m[1;33m,[0m [1;33m**[0m[0mkwargs[0m[1;33m)[0m[1;33m[0m[1;33m[0m[0m
[0m[0;32m   3565[0m     [1;32mreturn[0m [0mr[0m[1;33m,[0m [0mkeepdim[0m[1;33m[0m[1;33m[0m[0m
[0;32m   3566[0m [1;33m[0m[0m

[1;32m~\Anaconda3\envs\fina-6333\lib\site-packages\numpy\lib\function_base.py[0m in [0;36m_quantile_ureduce_func[1;34m(***failed resolving arguments***)[0m
[0;32m   4096[0m                 [0mindices_below[0m[1;33m.[0m[0mravel[0m[1;33m([0m[1;33m)[0m[1;33m,[0m [0mindices_above[0m[1;33m.[0m[0mravel[0m[1;33m([0m[1;33m)[0m[1;33m,[0m [1;33m[[0m[1;33m-[0m[1;36m1[0m[1;33m][0m[1;33m[0m[1;33m[0m[0m
[0;32m   4097[0m             )), axis=0)
[1;32m-> 4098[1;33m             [0mn[0m [1;33m=[0m [0mnp[0m[1;33m.[0m[0misnan[0m[1;33m([0m[0map[0m[1;33m[[0m[1;33m-[0m[1;36m1[0m[1;33m][0m[1;33m)[0m[1;33m[0m[1;33m[0m[0m
[0m[0;32m   4099[0m         [1;32melse[0m[1;33m:[0m[1;33m[0m[1;33m[0m[0m
[0;32m   4100[0m             [1;31m# cannot contain nan[0m[1;33m[0m[1;33m[0m[0m

[1;31mIndexError[0m: index -1 is out of bounds for axis 0 with size 0
IndexError: index -1 is out of bounds for axis 0 with size 0

